# JRE version: OpenJDK Runtime Environment (17.0.11) (build 17.0.11+0--11852314)
# Java VM: OpenJDK 64-Bit Server VM (17.0.11+0--11852314, mixed mode, tiered, compressed oops, compressed class ptrs, g1 gc, windows-amd64)
GC Precious Log:
 CPUs: 12 total, 12 available
 Memory: 6005M
 Large Page Support: Disabled
 NUMA Support: Disabled
 Compressed Oops: Enabled (32-bit)
 Heap Region Size: 1M
 Heap Min Capacity: 8M
 Heap Initial Capacity: 94M
 Heap Max Capacity: 2G
 Pre-touch: Disabled
 Parallel Workers: 10
 Concurrent Workers: 3
 Concurrent Refinement Workers: 10
 Periodic GC: Disabled
Heap:
 garbage-first heap   total 143360K, used 86677K [0x0000000080000000, 0x0000000100000000)
  region size 1024K, 4 young (4096K), 4 survivors (4096K)
 Metaspace       used 94751K, committed 95424K, reserved 1179648K
  class space    used 13226K, committed 13568K, reserved 1048576K
GC Heap History (20 events):
Event: 14.951 GC heap after
{Heap after GC invocations=33 (full 0):
 garbage-first heap   total 143360K, used 61950K [0x0000000080000000, 0x0000000100000000)
  region size 1024K, 1 young (1024K), 1 survivors (1024K)
 Metaspace       used 69808K, committed 70400K, reserved 1114112K
  class space    used 9509K, committed 9792K, reserved 1048576K
}
Event: 16.013 GC heap before
{Heap before GC invocations=33 (full 0):
 garbage-first heap   total 143360K, used 110078K [0x0000000080000000, 0x0000000100000000)
  region size 1024K, 48 young (49152K), 1 survivors (1024K)
 Metaspace       used 75016K, committed 75584K, reserved 1114112K
  class space    used 10223K, committed 10496K, reserved 1048576K
}
Event: 16.018 GC heap after
{Heap after GC invocations=34 (full 0):
 garbage-first heap   total 143360K, used 63190K [0x0000000080000000, 0x0000000100000000)
  region size 1024K, 3 young (3072K), 3 survivors (3072K)
 Metaspace       used 75016K, committed 75584K, reserved 1114112K
  class space    used 10223K, committed 10496K, reserved 1048576K
}
Event: 16.968 GC heap before
{Heap before GC invocations=34 (full 0):
 garbage-first heap   total 143360K, used 111318K [0x0000000080000000, 0x0000000100000000)
  region size 1024K, 50 young (51200K), 3 survivors (3072K)
 Metaspace       used 77608K, committed 78272K, reserved 1179648K
  class space    used 10574K, committed 10880K, reserved 1048576K
}
Event: 16.975 GC heap after
{Heap after GC invocations=35 (full 0):
 garbage-first heap   total 143360K, used 66870K [0x0000000080000000, 0x0000000100000000)
  region size 1024K, 6 young (6144K), 6 survivors (6144K)
 Metaspace       used 77608K, committed 78272K, reserved 1179648K
  class space    used 10574K, committed 10880K, reserved 1048576K
}
Event: 17.972 GC heap before
{Heap before GC invocations=35 (full 0):
 garbage-first heap   total 143360K, used 116022K [0x0000000080000000, 0x0000000100000000)
  region size 1024K, 53 young (54272K), 6 survivors (6144K)
 Metaspace       used 81056K, committed 81664K, reserved 1179648K
  class space    used 11229K, committed 11520K, reserved 1048576K
}
Event: 17.979 GC heap after
{Heap after GC invocations=36 (full 0):
 garbage-first heap   total 143360K, used 68444K [0x0000000080000000, 0x0000000100000000)
  region size 1024K, 2 young (2048K), 2 survivors (2048K)
 Metaspace       used 81056K, committed 81664K, reserved 1179648K
  class space    used 11229K, committed 11520K, reserved 1048576K
}
Event: 18.958 GC heap before
{Heap before GC invocations=36 (full 0):
 garbage-first heap   total 143360K, used 116572K [0x0000000080000000, 0x0000000100000000)
  region size 1024K, 49 young (50176K), 2 survivors (2048K)
 Metaspace       used 84829K, committed 85504K, reserved 1179648K
  class space    used 11780K, committed 12096K, reserved 1048576K
}
Event: 18.963 GC heap after
{Heap after GC invocations=37 (full 0):
 garbage-first heap   total 143360K, used 70662K [0x0000000080000000, 0x0000000100000000)
  region size 1024K, 4 young (4096K), 4 survivors (4096K)
 Metaspace       used 84829K, committed 85504K, reserved 1179648K
  class space    used 11780K, committed 12096K, reserved 1048576K
}
Event: 19.873 GC heap before
{Heap before GC invocations=37 (full 0):
 garbage-first heap   total 143360K, used 117766K [0x0000000080000000, 0x0000000100000000)
  region size 1024K, 50 young (51200K), 4 survivors (4096K)
 Metaspace       used 88325K, committed 88960K, reserved 1179648K
  class space    used 12339K, committed 12608K, reserved 1048576K
}
Event: 19.883 GC heap after
{Heap after GC invocations=38 (full 0):
 garbage-first heap   total 143360K, used 72837K [0x0000000080000000, 0x0000000100000000)
  region size 1024K, 5 young (5120K), 5 survivors (5120K)
 Metaspace       used 88325K, committed 88960K, reserved 1179648K
  class space    used 12339K, committed 12608K, reserved 1048576K
}
Event: 20.781 GC heap before
{Heap before GC invocations=38 (full 0):
 garbage-first heap   total 143360K, used 118917K [0x0000000080000000, 0x0000000100000000)
  region size 1024K, 50 young (51200K), 5 survivors (5120K)
 Metaspace       used 92128K, committed 92800K, reserved 1179648K
  class space    used 12868K, committed 13184K, reserved 1048576K
}
Event: 20.790 GC heap after
{Heap after GC invocations=39 (full 0):
 garbage-first heap   total 143360K, used 76296K [0x0000000080000000, 0x0000000100000000)
  region size 1024K, 6 young (6144K), 6 survivors (6144K)
 Metaspace       used 92128K, committed 92800K, reserved 1179648K
  class space    used 12868K, committed 13184K, reserved 1048576K
}
Event: 21.501 GC heap before
{Heap before GC invocations=39 (full 0):
 garbage-first heap   total 143360K, used 119304K [0x0000000080000000, 0x0000000100000000)
  region size 1024K, 49 young (50176K), 6 survivors (6144K)
 Metaspace       used 93744K, committed 94400K, reserved 1179648K
  class space    used 13137K, committed 13440K, reserved 1048576K
}
Event: 21.509 GC heap after
{Heap after GC invocations=40 (full 0):
 garbage-first heap   total 143360K, used 80601K [0x0000000080000000, 0x0000000100000000)
  region size 1024K, 7 young (7168K), 7 survivors (7168K)
 Metaspace       used 93744K, committed 94400K, reserved 1179648K
  class space    used 13137K, committed 13440K, reserved 1048576K
}
Event: 22.145 GC heap before
{Heap before GC invocations=40 (full 0):
 garbage-first heap   total 143360K, used 119513K [0x0000000080000000, 0x0000000100000000)
  region size 1024K, 45 young (46080K), 7 survivors (7168K)
 Metaspace       used 94144K, committed 94848K, reserved 1179648K
  class space    used 13175K, committed 13504K, reserved 1048576K
}
Event: 22.154 GC heap after
{Heap after GC invocations=41 (full 0):
 garbage-first heap   total 143360K, used 83302K [0x0000000080000000, 0x0000000100000000)
  region size 1024K, 5 young (5120K), 5 survivors (5120K)
 Metaspace       used 94144K, committed 94848K, reserved 1179648K
  class space    used 13175K, committed 13504K, reserved 1048576K
}
Event: 22.488 GC heap before
{Heap before GC invocations=41 (full 0):
 garbage-first heap   total 143360K, used 117094K [0x0000000080000000, 0x0000000100000000)
  region size 1024K, 39 young (39936K), 5 survivors (5120K)
 Metaspace       used 94360K, committed 95040K, reserved 1179648K
  class space    used 13190K, committed 13504K, reserved 1048576K
}
Event: 22.493 GC heap after
{Heap after GC invocations=42 (full 0):
 garbage-first heap   total 143360K, used 85082K [0x0000000080000000, 0x0000000100000000)
  region size 1024K, 5 young (5120K), 5 survivors (5120K)
 Metaspace       used 94360K, committed 95040K, reserved 1179648K
  class space    used 13190K, committed 13504K, reserved 1048576K
}
Event: 22.891 GC heap before
{Heap before GC invocations=42 (full 0):
 garbage-first heap   total 143360K, used 116826K [0x0000000080000000, 0x0000000100000000)
  region size 1024K, 37 young (37888K), 5 survivors (5120K)
 Metaspace       used 94751K, committed 95424K, reserved 1179648K
  class space    used 13226K, committed 13568K, reserved 1048576K
}

