# JRE version: OpenJDK Runtime Environment (17.0.11) (build 17.0.11+0--11852314)
# Java VM: OpenJDK 64-Bit Server VM (17.0.11+0--11852314, mixed mode, tiered, compressed oops, compressed class ptrs, g1 gc, windows-amd64)
GC Precious Log:
 CPUs: 12 total, 12 available
 Memory: 6005M
 Large Page Support: Disabled
 NUMA Support: Disabled
 Compressed Oops: Enabled (32-bit)
 Heap Region Size: 1M
 Heap Min Capacity: 8M
 Heap Initial Capacity: 94M
 Heap Max Capacity: 2G
 Pre-touch: Disabled
 Parallel Workers: 10
 Concurrent Workers: 3
 Concurrent Refinement Workers: 10
 Periodic GC: Disabled
Heap:
 garbage-first heap   total 176128K, used 83910K [0x0000000080000000, 0x0000000100000000)
  region size 1024K, 18 young (18432K), 8 survivors (8192K)
 Metaspace       used 91223K, committed 91968K, reserved 1179648K
  class space    used 12718K, committed 13056K, reserved 1048576K
GC Heap History (20 events):
Event: 12.910 GC heap before
{Heap before GC invocations=24 (full 0):
 garbage-first heap   total 96256K, used 56301K [0x0000000080000000, 0x0000000100000000)
  region size 1024K, 4 young (4096K), 2 survivors (2048K)
 Metaspace       used 60907K, committed 61504K, reserved 1114112K
  class space    used 8358K, committed 8640K, reserved 1048576K
}
Event: 12.913 GC heap after
{Heap after GC invocations=25 (full 0):
 garbage-first heap   total 96256K, used 54200K [0x0000000080000000, 0x0000000100000000)
  region size 1024K, 1 young (1024K), 1 survivors (1024K)
 Metaspace       used 60907K, committed 61504K, reserved 1114112K
  class space    used 8358K, committed 8640K, reserved 1048576K
}
Event: 13.373 GC heap before
{Heap before GC invocations=25 (full 0):
 garbage-first heap   total 96256K, used 76728K [0x0000000080000000, 0x0000000100000000)
  region size 1024K, 24 young (24576K), 1 survivors (1024K)
 Metaspace       used 63517K, committed 64128K, reserved 1114112K
  class space    used 8634K, committed 8896K, reserved 1048576K
}
Event: 13.376 GC heap after
{Heap after GC invocations=26 (full 0):
 garbage-first heap   total 96256K, used 54551K [0x0000000080000000, 0x0000000100000000)
  region size 1024K, 1 young (1024K), 1 survivors (1024K)
 Metaspace       used 63517K, committed 64128K, reserved 1114112K
  class space    used 8634K, committed 8896K, reserved 1048576K
}
Event: 13.918 GC heap before
{Heap before GC invocations=27 (full 0):
 garbage-first heap   total 96256K, used 78103K [0x0000000080000000, 0x0000000100000000)
  region size 1024K, 25 young (25600K), 1 survivors (1024K)
 Metaspace       used 66508K, committed 67072K, reserved 1114112K
  class space    used 9069K, committed 9344K, reserved 1048576K
}
Event: 13.922 GC heap after
{Heap after GC invocations=28 (full 0):
 garbage-first heap   total 96256K, used 56712K [0x0000000080000000, 0x0000000100000000)
  region size 1024K, 3 young (3072K), 3 survivors (3072K)
 Metaspace       used 66508K, committed 67072K, reserved 1114112K
  class space    used 9069K, committed 9344K, reserved 1048576K
}
Event: 14.002 GC heap before
{Heap before GC invocations=28 (full 0):
 garbage-first heap   total 96256K, used 56712K [0x0000000080000000, 0x0000000100000000)
  region size 1024K, 4 young (4096K), 3 survivors (3072K)
 Metaspace       used 66862K, committed 67456K, reserved 1114112K
  class space    used 9105K, committed 9408K, reserved 1048576K
}
Event: 14.014 GC heap after
{Heap after GC invocations=29 (full 0):
 garbage-first heap   total 96256K, used 55627K [0x0000000080000000, 0x0000000100000000)
  region size 1024K, 1 young (1024K), 1 survivors (1024K)
 Metaspace       used 66862K, committed 67456K, reserved 1114112K
  class space    used 9105K, committed 9408K, reserved 1048576K
}
Event: 14.367 GC heap before
{Heap before GC invocations=29 (full 0):
 garbage-first heap   total 96256K, used 83275K [0x0000000080000000, 0x0000000100000000)
  region size 1024K, 24 young (24576K), 1 survivors (1024K)
 Metaspace       used 67733K, committed 68288K, reserved 1114112K
  class space    used 9241K, committed 9536K, reserved 1048576K
}
Event: 14.372 GC heap after
{Heap after GC invocations=30 (full 0):
 garbage-first heap   total 176128K, used 59774K [0x0000000080000000, 0x0000000100000000)
  region size 1024K, 3 young (3072K), 3 survivors (3072K)
 Metaspace       used 67733K, committed 68288K, reserved 1114112K
  class space    used 9241K, committed 9536K, reserved 1048576K
}
Event: 15.950 GC heap before
{Heap before GC invocations=31 (full 0):
 garbage-first heap   total 176128K, used 134526K [0x0000000080000000, 0x0000000100000000)
  region size 1024K, 76 young (77824K), 3 survivors (3072K)
 Metaspace       used 74788K, committed 75392K, reserved 1114112K
  class space    used 10183K, committed 10496K, reserved 1048576K
}
Event: 15.959 GC heap after
{Heap after GC invocations=32 (full 0):
 garbage-first heap   total 176128K, used 63189K [0x0000000080000000, 0x0000000100000000)
  region size 1024K, 7 young (7168K), 7 survivors (7168K)
 Metaspace       used 74788K, committed 75392K, reserved 1114112K
  class space    used 10183K, committed 10496K, reserved 1048576K
}
Event: 15.996 GC heap before
{Heap before GC invocations=32 (full 0):
 garbage-first heap   total 176128K, used 64213K [0x0000000080000000, 0x0000000100000000)
  region size 1024K, 8 young (8192K), 7 survivors (7168K)
 Metaspace       used 74916K, committed 75520K, reserved 1114112K
  class space    used 10205K, committed 10496K, reserved 1048576K
}
Event: 16.002 GC heap after
{Heap after GC invocations=33 (full 0):
 garbage-first heap   total 176128K, used 63613K [0x0000000080000000, 0x0000000100000000)
  region size 1024K, 1 young (1024K), 1 survivors (1024K)
 Metaspace       used 74916K, committed 75520K, reserved 1114112K
  class space    used 10205K, committed 10496K, reserved 1048576K
}
Event: 17.679 GC heap before
{Heap before GC invocations=33 (full 0):
 garbage-first heap   total 176128K, used 138365K [0x0000000080000000, 0x0000000100000000)
  region size 1024K, 73 young (74752K), 1 survivors (1024K)
 Metaspace       used 79314K, committed 79872K, reserved 1179648K
  class space    used 10865K, committed 11136K, reserved 1048576K
}
Event: 17.684 GC heap after
{Heap after GC invocations=34 (full 0):
 garbage-first heap   total 176128K, used 67295K [0x0000000080000000, 0x0000000100000000)
  region size 1024K, 5 young (5120K), 5 survivors (5120K)
 Metaspace       used 79314K, committed 79872K, reserved 1179648K
  class space    used 10865K, committed 11136K, reserved 1048576K
}
Event: 19.379 GC heap before
{Heap before GC invocations=34 (full 0):
 garbage-first heap   total 176128K, used 138975K [0x0000000080000000, 0x0000000100000000)
  region size 1024K, 75 young (76800K), 5 survivors (5120K)
 Metaspace       used 84809K, committed 85504K, reserved 1179648K
  class space    used 11777K, committed 12096K, reserved 1048576K
}
Event: 19.386 GC heap after
{Heap after GC invocations=35 (full 0):
 garbage-first heap   total 176128K, used 70737K [0x0000000080000000, 0x0000000100000000)
  region size 1024K, 8 young (8192K), 8 survivors (8192K)
 Metaspace       used 84809K, committed 85504K, reserved 1179648K
  class space    used 11777K, committed 12096K, reserved 1048576K
}
Event: 20.847 GC heap before
{Heap before GC invocations=35 (full 0):
 garbage-first heap   total 176128K, used 141393K [0x0000000080000000, 0x0000000100000000)
  region size 1024K, 77 young (78848K), 8 survivors (8192K)
 Metaspace       used 90669K, committed 91328K, reserved 1179648K
  class space    used 12631K, committed 12928K, reserved 1048576K
}
Event: 20.859 GC heap after
{Heap after GC invocations=36 (full 0):
 garbage-first heap   total 176128K, used 74694K [0x0000000080000000, 0x0000000100000000)
  region size 1024K, 8 young (8192K), 8 survivors (8192K)
 Metaspace       used 90669K, committed 91328K, reserved 1179648K
  class space    used 12631K, committed 12928K, reserved 1048576K
}

