# JRE version: OpenJDK Runtime Environment (17.0.11) (build 17.0.11+0--11852314)
# Java VM: OpenJDK 64-Bit Server VM (17.0.11+0--11852314, mixed mode, tiered, compressed oops, compressed class ptrs, g1 gc, windows-amd64)
GC Precious Log:
 CPUs: 12 total, 12 available
 Memory: 6005M
 Large Page Support: Disabled
 NUMA Support: Disabled
 Compressed Oops: Enabled (32-bit)
 Heap Region Size: 1M
 Heap Min Capacity: 8M
 Heap Initial Capacity: 94M
 Heap Max Capacity: 2G
 Pre-touch: Disabled
 Parallel Workers: 10
 Concurrent Workers: 3
 Concurrent Refinement Workers: 10
 Periodic GC: Disabled
Heap:
 garbage-first heap   total 389120K, used 275622K [0x0000000080000000, 0x0000000100000000)
  region size 1024K, 162 young (165888K), 1 survivors (1024K)
 Metaspace       used 126717K, committed 127616K, reserved 1179648K
  class space    used 17826K, committed 18240K, reserved 1048576K
GC Heap History (20 events):
Event: 26.610 GC heap before
{Heap before GC invocations=39 (full 0):
 garbage-first heap   total 169984K, used 138023K [0x0000000080000000, 0x0000000100000000)
  region size 1024K, 58 young (59392K), 6 survivors (6144K)
 Metaspace       used 94851K, committed 95552K, reserved 1179648K
  class space    used 13225K, committed 13568K, reserved 1048576K
}
Event: 26.617 GC heap after
{Heap after GC invocations=40 (full 0):
 garbage-first heap   total 169984K, used 88093K [0x0000000080000000, 0x0000000100000000)
  region size 1024K, 5 young (5120K), 5 survivors (5120K)
 Metaspace       used 94851K, committed 95552K, reserved 1179648K
  class space    used 13225K, committed 13568K, reserved 1048576K
}
Event: 280.218 GC heap before
{Heap before GC invocations=40 (full 0):
 garbage-first heap   total 169984K, used 138269K [0x0000000080000000, 0x0000000100000000)
  region size 1024K, 55 young (56320K), 5 survivors (5120K)
 Metaspace       used 97093K, committed 97856K, reserved 1179648K
  class space    used 13496K, committed 13824K, reserved 1048576K
}
Event: 280.342 GC heap after
{Heap after GC invocations=41 (full 0):
 garbage-first heap   total 169984K, used 89850K [0x0000000080000000, 0x0000000100000000)
  region size 1024K, 4 young (4096K), 4 survivors (4096K)
 Metaspace       used 97093K, committed 97856K, reserved 1179648K
  class space    used 13496K, committed 13824K, reserved 1048576K
}
Event: 283.449 GC heap before
{Heap before GC invocations=41 (full 0):
 garbage-first heap   total 169984K, used 137978K [0x0000000080000000, 0x0000000100000000)
  region size 1024K, 52 young (53248K), 4 survivors (4096K)
 Metaspace       used 97870K, committed 98560K, reserved 1179648K
  class space    used 13547K, committed 13888K, reserved 1048576K
}
Event: 283.472 GC heap after
{Heap after GC invocations=42 (full 0):
 garbage-first heap   total 169984K, used 96545K [0x0000000080000000, 0x0000000100000000)
  region size 1024K, 7 young (7168K), 7 survivors (7168K)
 Metaspace       used 97870K, committed 98560K, reserved 1179648K
  class space    used 13547K, committed 13888K, reserved 1048576K
}
Event: 284.623 GC heap before
{Heap before GC invocations=42 (full 0):
 garbage-first heap   total 169984K, used 140577K [0x0000000080000000, 0x0000000100000000)
  region size 1024K, 47 young (48128K), 7 survivors (7168K)
 Metaspace       used 102804K, committed 103616K, reserved 1179648K
  class space    used 14160K, committed 14592K, reserved 1048576K
}
Event: 284.653 GC heap after
{Heap after GC invocations=43 (full 0):
 garbage-first heap   total 169984K, used 101107K [0x0000000080000000, 0x0000000100000000)
  region size 1024K, 5 young (5120K), 5 survivors (5120K)
 Metaspace       used 102804K, committed 103616K, reserved 1179648K
  class space    used 14160K, committed 14592K, reserved 1048576K
}
Event: 285.616 GC heap before
{Heap before GC invocations=44 (full 0):
 garbage-first heap   total 191488K, used 141043K [0x0000000080000000, 0x0000000100000000)
  region size 1024K, 43 young (44032K), 5 survivors (5120K)
 Metaspace       used 106340K, committed 107136K, reserved 1179648K
  class space    used 14558K, committed 14976K, reserved 1048576K
}
Event: 285.637 GC heap after
{Heap after GC invocations=45 (full 0):
 garbage-first heap   total 191488K, used 110592K [0x0000000080000000, 0x0000000100000000)
  region size 1024K, 6 young (6144K), 6 survivors (6144K)
 Metaspace       used 106340K, committed 107136K, reserved 1179648K
  class space    used 14558K, committed 14976K, reserved 1048576K
}
Event: 285.673 GC heap before
{Heap before GC invocations=45 (full 0):
 garbage-first heap   total 191488K, used 113664K [0x0000000080000000, 0x0000000100000000)
  region size 1024K, 9 young (9216K), 6 survivors (6144K)
 Metaspace       used 106351K, committed 107136K, reserved 1179648K
  class space    used 14559K, committed 14976K, reserved 1048576K
}
Event: 285.688 GC heap after
{Heap after GC invocations=46 (full 0):
 garbage-first heap   total 191488K, used 109922K [0x0000000080000000, 0x0000000100000000)
  region size 1024K, 2 young (2048K), 2 survivors (2048K)
 Metaspace       used 106351K, committed 107136K, reserved 1179648K
  class space    used 14559K, committed 14976K, reserved 1048576K
}
Event: 286.684 GC heap before
{Heap before GC invocations=46 (full 0):
 garbage-first heap   total 191488K, used 152930K [0x0000000080000000, 0x0000000100000000)
  region size 1024K, 45 young (46080K), 2 survivors (2048K)
 Metaspace       used 109282K, committed 110144K, reserved 1179648K
  class space    used 15018K, committed 15424K, reserved 1048576K
}
Event: 286.693 GC heap after
{Heap after GC invocations=47 (full 0):
 garbage-first heap   total 191488K, used 113150K [0x0000000080000000, 0x0000000100000000)
  region size 1024K, 5 young (5120K), 5 survivors (5120K)
 Metaspace       used 109282K, committed 110144K, reserved 1179648K
  class space    used 15018K, committed 15424K, reserved 1048576K
}
Event: 287.601 GC heap before
{Heap before GC invocations=48 (full 0):
 garbage-first heap   total 194560K, used 154110K [0x0000000080000000, 0x0000000100000000)
  region size 1024K, 46 young (47104K), 5 survivors (5120K)
 Metaspace       used 114546K, committed 115328K, reserved 1179648K
  class space    used 15785K, committed 16128K, reserved 1048576K
}
Event: 287.615 GC heap after
{Heap after GC invocations=49 (full 0):
 garbage-first heap   total 194560K, used 114018K [0x0000000080000000, 0x0000000100000000)
  region size 1024K, 2 young (2048K), 2 survivors (2048K)
 Metaspace       used 114546K, committed 115328K, reserved 1179648K
  class space    used 15785K, committed 16128K, reserved 1048576K
}
Event: 287.740 GC heap before
{Heap before GC invocations=49 (full 0):
 garbage-first heap   total 194560K, used 120162K [0x0000000080000000, 0x0000000100000000)
  region size 1024K, 9 young (9216K), 2 survivors (2048K)
 Metaspace       used 115551K, committed 116352K, reserved 1179648K
  class space    used 15909K, committed 16256K, reserved 1048576K
}
Event: 287.760 GC heap after
{Heap after GC invocations=50 (full 0):
 garbage-first heap   total 194560K, used 103409K [0x0000000080000000, 0x0000000100000000)
  region size 1024K, 2 young (2048K), 2 survivors (2048K)
 Metaspace       used 115551K, committed 116352K, reserved 1179648K
  class space    used 15909K, committed 16256K, reserved 1048576K
}
Event: 287.880 GC heap before
{Heap before GC invocations=50 (full 0):
 garbage-first heap   total 194560K, used 109553K [0x0000000080000000, 0x0000000100000000)
  region size 1024K, 9 young (9216K), 2 survivors (2048K)
 Metaspace       used 116411K, committed 117248K, reserved 1179648K
  class space    used 16085K, committed 16448K, reserved 1048576K
}
Event: 287.889 GC heap after
{Heap after GC invocations=51 (full 0):
 garbage-first heap   total 389120K, used 102566K [0x0000000080000000, 0x0000000100000000)
  region size 1024K, 1 young (1024K), 1 survivors (1024K)
 Metaspace       used 116411K, committed 117248K, reserved 1179648K
  class space    used 16085K, committed 16448K, reserved 1048576K
}

